2023.05.16 00:16:42 INFO  Started: Metals version 0.11.12 in workspace '/Users/HowardChen/note/kafka/core/src/main/scala/kafka' for client Visual Studio Code 1.77.3.[0m
5æœˆ 16, 2023 12:16:42 ä¸Šåˆ org.flywaydb.core.internal.license.VersionPrinter printVersionOnly
è³‡è¨Š: Flyway Community Edition 9.16.3 by Redgate
5æœˆ 16, 2023 12:16:42 ä¸Šåˆ org.flywaydb.core.internal.license.VersionPrinter printVersion
è³‡è¨Š: See release notes here: https://rd.gt/416ObMi
5æœˆ 16, 2023 12:16:42 ä¸Šåˆ org.flywaydb.core.internal.license.VersionPrinter printVersion
è³‡è¨Š: 
5æœˆ 16, 2023 12:16:43 ä¸Šåˆ org.flywaydb.core.internal.database.base.BaseDatabaseType createDatabase
è³‡è¨Š: Database: jdbc:h2:file:/Users/HowardChen/note/kafka/core/src/main/scala/kafka/.metals/metals (H2 2.1)
5æœˆ 16, 2023 12:16:43 ä¸Šåˆ org.flywaydb.core.internal.schemahistory.JdbcTableSchemaHistory allAppliedMigrations
è³‡è¨Š: Schema history table "PUBLIC"."flyway_schema_history" does not exist yet
5æœˆ 16, 2023 12:16:43 ä¸Šåˆ org.flywaydb.core.internal.command.DbValidate validate
è³‡è¨Š: Successfully validated 4 migrations (execution time 00:00.165s)
5æœˆ 16, 2023 12:16:43 ä¸Šåˆ org.flywaydb.core.internal.schemahistory.JdbcTableSchemaHistory create
è³‡è¨Š: Creating Schema History table "PUBLIC"."flyway_schema_history" ...
5æœˆ 16, 2023 12:16:43 ä¸Šåˆ org.flywaydb.core.internal.command.DbMigrate migrateGroup
è³‡è¨Š: Current version of schema "PUBLIC": << Empty Schema >>
5æœˆ 16, 2023 12:16:43 ä¸Šåˆ org.flywaydb.core.internal.command.DbMigrate doMigrateGroup
è³‡è¨Š: Migrating schema "PUBLIC" to version "1 - Create tables"
5æœˆ 16, 2023 12:16:43 ä¸Šåˆ org.flywaydb.core.internal.command.DbMigrate doMigrateGroup
è³‡è¨Š: Migrating schema "PUBLIC" to version "2 - Server discovery"
5æœˆ 16, 2023 12:16:43 ä¸Šåˆ org.flywaydb.core.internal.command.DbMigrate doMigrateGroup
è³‡è¨Š: Migrating schema "PUBLIC" to version "3 - Jar symbols"
5æœˆ 16, 2023 12:16:43 ä¸Šåˆ org.flywaydb.core.internal.command.DbMigrate doMigrateGroup
è³‡è¨Š: Migrating schema "PUBLIC" to version "4 - Fingerprints"
5æœˆ 16, 2023 12:16:44 ä¸Šåˆ org.flywaydb.core.internal.command.DbMigrate logSummary
è³‡è¨Š: Successfully applied 4 migrations to schema "PUBLIC", now at version v4 (execution time 00:00.420s)
2023.05.16 00:16:44 INFO  time: initialize in 1.68s[0m
2023.05.16 00:17:12 WARN  Build server is not auto-connectable.[0m
2023.05.16 00:17:12 WARN  no build tool detected in workspace '/Users/HowardChen/note/kafka/core/src/main/scala/kafka'. The most common cause for this problem is that the editor was opened in the wrong working directory, for example if you use sbt then the workspace directory should contain build.sbt. [0m
2023.05.16 00:17:13 WARN  no build target for: /Users/HowardChen/note/kafka/core/src/main/scala/kafka/cluster/Broker.scala[0m
2023.05.16 00:17:13 WARN  no build target for: /Users/HowardChen/note/kafka/core/src/main/scala/kafka/admin/AclCommand.scala[0m
2023.05.16 00:17:41 INFO  no build target found for /Users/HowardChen/note/kafka/core/src/main/scala/kafka/admin/AclCommand.scala. Using presentation compiler with project's scala-library version: 3.2.2[0m
5æœˆ 16, 2023 12:17:42 ä¸Šåˆ org.eclipse.lsp4j.jsonrpc.RemoteEndpoint handleCancellation
è­¦å‘Š: Unmatched cancel notification for request id 3
5æœˆ 16, 2023 12:17:42 ä¸Šåˆ org.eclipse.lsp4j.jsonrpc.RemoteEndpoint handleCancellation
è­¦å‘Š: Unmatched cancel notification for request id 2
5æœˆ 16, 2023 12:17:42 ä¸Šåˆ org.eclipse.lsp4j.jsonrpc.RemoteEndpoint handleCancellation
è­¦å‘Š: Unmatched cancel notification for request id 10
2023.05.16 00:17:57 INFO  time: code lens generation in 14s[0m
2023.05.16 00:17:57 INFO  time: code lens generation in 44s[0m
5æœˆ 16, 2023 12:17:58 ä¸Šåˆ org.eclipse.lsp4j.jsonrpc.RemoteEndpoint handleCancellation
è­¦å‘Š: Unmatched cancel notification for request id 11
5æœˆ 16, 2023 12:17:58 ä¸Šåˆ org.eclipse.lsp4j.jsonrpc.RemoteEndpoint handleCancellation
è­¦å‘Š: Unmatched cancel notification for request id 13
5æœˆ 16, 2023 12:17:58 ä¸Šåˆ org.eclipse.lsp4j.jsonrpc.RemoteEndpoint handleCancellation
è­¦å‘Š: Unmatched cancel notification for request id 15
5æœˆ 16, 2023 12:17:58 ä¸Šåˆ org.eclipse.lsp4j.jsonrpc.RemoteEndpoint handleCancellation
è­¦å‘Š: Unmatched cancel notification for request id 16
5æœˆ 16, 2023 12:17:58 ä¸Šåˆ org.eclipse.lsp4j.jsonrpc.RemoteEndpoint handleCancellation
è­¦å‘Š: Unmatched cancel notification for request id 17
5æœˆ 16, 2023 12:17:58 ä¸Šåˆ org.eclipse.lsp4j.jsonrpc.RemoteEndpoint handleCancellation
è­¦å‘Š: Unmatched cancel notification for request id 14
5æœˆ 16, 2023 12:17:59 ä¸Šåˆ org.eclipse.lsp4j.jsonrpc.RemoteEndpoint handleCancellation
è­¦å‘Š: Unmatched cancel notification for request id 21
2023.05.16 00:17:59 INFO  Shutting down server[0m
2023.05.16 00:17:59 INFO  shutting down Metals[0m
